C:\DOCUME~1\LIMS\LOCALS~1\TEMP\LNKC1.TMP
C:\Program Files\SiliconSoftware\Runtime5.1\SDKExamples\Functionality\Operation_mode\.\Debug\AreaSoftware.exe
C:\Program Files\SiliconSoftware\Runtime5.1\SDKExamples\Functionality\Operation_mode\Debug\cl.command.1.tlog
C:\Program Files\SiliconSoftware\Runtime5.1\SDKExamples\Functionality\Operation_mode\Debug\CL.read.1.tlog
C:\Program Files\SiliconSoftware\Runtime5.1\SDKExamples\Functionality\Operation_mode\Debug\CL.write.1.tlog
C:\PROGRAM FILES\SILICONSOFTWARE\RUNTIME5.1\SDKEXAMPLES\FUNCTIONALITY\OPERATION_MODE\DEBUG\LINEFREERUNIMG.EXE
C:\PROGRAM FILES\SILICONSOFTWARE\RUNTIME5.1\SDKEXAMPLES\FUNCTIONALITY\OPERATION_MODE\DEBUG\LINEFREERUNIMG.EXE.EMBED.MANIFEST
C:\PROGRAM FILES\SILICONSOFTWARE\RUNTIME5.1\SDKEXAMPLES\FUNCTIONALITY\OPERATION_MODE\DEBUG\LINEFREERUNIMG.EXE.EMBED.MANIFEST.RES
C:\PROGRAM FILES\SILICONSOFTWARE\RUNTIME5.1\SDKEXAMPLES\FUNCTIONALITY\OPERATION_MODE\DEBUG\LINEFREERUNIMG.EXE.INTERMEDIATE.MANIFEST
C:\PROGRAM FILES\SILICONSOFTWARE\RUNTIME5.1\SDKEXAMPLES\FUNCTIONALITY\OPERATION_MODE\DEBUG\LINEFREERUNIMG.ILK
C:\PROGRAM FILES\SILICONSOFTWARE\RUNTIME5.1\SDKEXAMPLES\FUNCTIONALITY\OPERATION_MODE\DEBUG\LINEFREERUNIMG.OBJ
C:\PROGRAM FILES\SILICONSOFTWARE\RUNTIME5.1\SDKEXAMPLES\FUNCTIONALITY\OPERATION_MODE\DEBUG\LINEFREERUNIMG.PDB
C:\Program Files\SiliconSoftware\Runtime5.1\SDKExamples\Functionality\Operation_mode\Debug\LineFreeRunImg_manifest.rc
C:\PROGRAM FILES\SILICONSOFTWARE\RUNTIME5.1\SDKEXAMPLES\FUNCTIONALITY\OPERATION_MODE\DEBUG\LINEGATEDASYNCTRIGGERLINE.EXE
C:\PROGRAM FILES\SILICONSOFTWARE\RUNTIME5.1\SDKEXAMPLES\FUNCTIONALITY\OPERATION_MODE\DEBUG\LINEGATEDASYNCTRIGGERLINE.EXE.EMBED.MANIFEST
C:\PROGRAM FILES\SILICONSOFTWARE\RUNTIME5.1\SDKEXAMPLES\FUNCTIONALITY\OPERATION_MODE\DEBUG\LINEGATEDASYNCTRIGGERLINE.EXE.EMBED.MANIFEST.RES
C:\PROGRAM FILES\SILICONSOFTWARE\RUNTIME5.1\SDKEXAMPLES\FUNCTIONALITY\OPERATION_MODE\DEBUG\LINEGATEDASYNCTRIGGERLINE.EXE.INTERMEDIATE.MANIFEST
C:\PROGRAM FILES\SILICONSOFTWARE\RUNTIME5.1\SDKEXAMPLES\FUNCTIONALITY\OPERATION_MODE\DEBUG\LINEGATEDASYNCTRIGGERLINE.ILK
C:\PROGRAM FILES\SILICONSOFTWARE\RUNTIME5.1\SDKEXAMPLES\FUNCTIONALITY\OPERATION_MODE\DEBUG\LINEGATEDASYNCTRIGGERLINE.OBJ
C:\PROGRAM FILES\SILICONSOFTWARE\RUNTIME5.1\SDKEXAMPLES\FUNCTIONALITY\OPERATION_MODE\DEBUG\LINEGATEDASYNCTRIGGERLINE.PDB
C:\Program Files\SiliconSoftware\Runtime5.1\SDKExamples\Functionality\Operation_mode\Debug\LineGatedAsyncTriggerLine_manifest.rc
C:\Program Files\SiliconSoftware\Runtime5.1\SDKExamples\Functionality\Operation_mode\Debug\link.2728.read.1.tlog
C:\Program Files\SiliconSoftware\Runtime5.1\SDKExamples\Functionality\Operation_mode\Debug\link.2728.write.1.tlog
C:\Program Files\SiliconSoftware\Runtime5.1\SDKExamples\Functionality\Operation_mode\Debug\link.2728-cvtres.read.1.tlog
C:\Program Files\SiliconSoftware\Runtime5.1\SDKExamples\Functionality\Operation_mode\Debug\link.2728-cvtres.write.1.tlog
C:\Program Files\SiliconSoftware\Runtime5.1\SDKExamples\Functionality\Operation_mode\Debug\link.command.1.tlog
C:\Program Files\SiliconSoftware\Runtime5.1\SDKExamples\Functionality\Operation_mode\Debug\link.read.1.tlog
C:\Program Files\SiliconSoftware\Runtime5.1\SDKExamples\Functionality\Operation_mode\Debug\link.read.2.tlog
C:\Program Files\SiliconSoftware\Runtime5.1\SDKExamples\Functionality\Operation_mode\Debug\link.write.1.tlog
C:\Program Files\SiliconSoftware\Runtime5.1\SDKExamples\Functionality\Operation_mode\Debug\link-cvtres.read.1.tlog
C:\Program Files\SiliconSoftware\Runtime5.1\SDKExamples\Functionality\Operation_mode\Debug\link-cvtres.write.1.tlog
C:\Program Files\SiliconSoftware\Runtime5.1\SDKExamples\Functionality\Operation_mode\Debug\mt.command.1.tlog
C:\Program Files\SiliconSoftware\Runtime5.1\SDKExamples\Functionality\Operation_mode\Debug\mt.read.1.tlog
C:\Program Files\SiliconSoftware\Runtime5.1\SDKExamples\Functionality\Operation_mode\Debug\mt.write.1.tlog
C:\Program Files\SiliconSoftware\Runtime5.1\SDKExamples\Functionality\Operation_mode\Debug\rc.command.1.tlog
C:\Program Files\SiliconSoftware\Runtime5.1\SDKExamples\Functionality\Operation_mode\Debug\rc.read.1.tlog
C:\Program Files\SiliconSoftware\Runtime5.1\SDKExamples\Functionality\Operation_mode\Debug\rc.write.1.tlog
C:\Program Files\SiliconSoftware\Runtime5.1\SDKExamples\Functionality\Operation_mode\Debug\vc100.idb
C:\PROGRAM FILES\SILICONSOFTWARE\RUNTIME5.1\SDKEXAMPLES\FUNCTIONALITY\OPERATION_MODE\DEBUG\VC100.PDB
