.\Debug\LineTriggerGatedMultiBufferImg.ilk
.\Debug\LineTriggerGatedMultiBufferImg.pdb
C:\Program Files\SiliconSoftware\Runtime5.1\SDKExamples\Functionality\Operation_mode\.\Debug\LineTriggerGatedMultiBufferImg.exe
C:\Program Files\SiliconSoftware\Runtime5.1\SDKExamples\Functionality\Operation_mode\.\Debug\LineTriggerGatedMultiBufferImg.exe.intermediate.manifest
C:\Program Files\SiliconSoftware\Runtime5.1\SDKExamples\Functionality\Operation_mode\Debug\AreaExternal.exe.embed.manifest
C:\Program Files\SiliconSoftware\Runtime5.1\SDKExamples\Functionality\Operation_mode\Debug\AreaExternal.exe.embed.manifest.res
C:\Program Files\SiliconSoftware\Runtime5.1\SDKExamples\Functionality\Operation_mode\Debug\AreaExternal.exe.intermediate.manifest
C:\Program Files\SiliconSoftware\Runtime5.1\SDKExamples\Functionality\Operation_mode\Debug\AreaExternal.ilk
C:\Program Files\SiliconSoftware\Runtime5.1\SDKExamples\Functionality\Operation_mode\Debug\AreaExternal.obj
C:\Program Files\SiliconSoftware\Runtime5.1\SDKExamples\Functionality\Operation_mode\Debug\AreaExternal.pdb
C:\Program Files\SiliconSoftware\Runtime5.1\SDKExamples\Functionality\Operation_mode\Debug\AreaFreeRun.exe.embed.manifest
C:\Program Files\SiliconSoftware\Runtime5.1\SDKExamples\Functionality\Operation_mode\Debug\AreaFreeRun.exe.embed.manifest.res
C:\Program Files\SiliconSoftware\Runtime5.1\SDKExamples\Functionality\Operation_mode\Debug\AreaFreeRun.exe.intermediate.manifest
C:\Program Files\SiliconSoftware\Runtime5.1\SDKExamples\Functionality\Operation_mode\Debug\AreaFreeRun.ilk
C:\Program Files\SiliconSoftware\Runtime5.1\SDKExamples\Functionality\Operation_mode\Debug\AreaFreeRun.obj
C:\Program Files\SiliconSoftware\Runtime5.1\SDKExamples\Functionality\Operation_mode\Debug\AreaFreeRun.pdb
C:\Program Files\SiliconSoftware\Runtime5.1\SDKExamples\Functionality\Operation_mode\Debug\AreaGrabberControl.exe.embed.manifest
C:\Program Files\SiliconSoftware\Runtime5.1\SDKExamples\Functionality\Operation_mode\Debug\AreaGrabberControl.exe.embed.manifest.res
C:\Program Files\SiliconSoftware\Runtime5.1\SDKExamples\Functionality\Operation_mode\Debug\AreaGrabberControl.exe.intermediate.manifest
C:\Program Files\SiliconSoftware\Runtime5.1\SDKExamples\Functionality\Operation_mode\Debug\AreaGrabberControl.ilk
C:\Program Files\SiliconSoftware\Runtime5.1\SDKExamples\Functionality\Operation_mode\Debug\AreaGrabberControl.obj
C:\Program Files\SiliconSoftware\Runtime5.1\SDKExamples\Functionality\Operation_mode\Debug\AreaGrabberControl.pdb
C:\Program Files\SiliconSoftware\Runtime5.1\SDKExamples\Functionality\Operation_mode\Debug\AreaSoftware.exe.embed.manifest
C:\Program Files\SiliconSoftware\Runtime5.1\SDKExamples\Functionality\Operation_mode\Debug\AreaSoftware.exe.embed.manifest.res
C:\Program Files\SiliconSoftware\Runtime5.1\SDKExamples\Functionality\Operation_mode\Debug\AreaSoftware.exe.intermediate.manifest
C:\Program Files\SiliconSoftware\Runtime5.1\SDKExamples\Functionality\Operation_mode\Debug\AreaSoftware.ilk
C:\Program Files\SiliconSoftware\Runtime5.1\SDKExamples\Functionality\Operation_mode\Debug\AreaSoftware.obj
C:\Program Files\SiliconSoftware\Runtime5.1\SDKExamples\Functionality\Operation_mode\Debug\AreaSoftware.pdb
C:\Program Files\SiliconSoftware\Runtime5.1\SDKExamples\Functionality\Operation_mode\Debug\LineFreeRunImg.exe.embed.manifest
C:\Program Files\SiliconSoftware\Runtime5.1\SDKExamples\Functionality\Operation_mode\Debug\LineFreeRunImg.exe.embed.manifest.res
C:\Program Files\SiliconSoftware\Runtime5.1\SDKExamples\Functionality\Operation_mode\Debug\LineFreeRunImg.exe.intermediate.manifest
C:\Program Files\SiliconSoftware\Runtime5.1\SDKExamples\Functionality\Operation_mode\Debug\LineFreeRunImg.ilk
C:\Program Files\SiliconSoftware\Runtime5.1\SDKExamples\Functionality\Operation_mode\Debug\LineFreeRunImg.obj
C:\Program Files\SiliconSoftware\Runtime5.1\SDKExamples\Functionality\Operation_mode\Debug\LineFreeRunImg.pdb
C:\Program Files\SiliconSoftware\Runtime5.1\SDKExamples\Functionality\Operation_mode\Debug\LineGatedAsyncTriggerLine.exe.embed.manifest
C:\Program Files\SiliconSoftware\Runtime5.1\SDKExamples\Functionality\Operation_mode\Debug\LineGatedAsyncTriggerLine.exe.embed.manifest.res
C:\Program Files\SiliconSoftware\Runtime5.1\SDKExamples\Functionality\Operation_mode\Debug\LineGatedAsyncTriggerLine.exe.intermediate.manifest
C:\Program Files\SiliconSoftware\Runtime5.1\SDKExamples\Functionality\Operation_mode\Debug\LineGatedAsyncTriggerLine.ilk
C:\Program Files\SiliconSoftware\Runtime5.1\SDKExamples\Functionality\Operation_mode\Debug\LineGatedAsyncTriggerLine.obj
C:\Program Files\SiliconSoftware\Runtime5.1\SDKExamples\Functionality\Operation_mode\Debug\LineGatedAsyncTriggerLine.pdb
C:\Program Files\SiliconSoftware\Runtime5.1\SDKExamples\Functionality\Operation_mode\Debug\LineGatedGrabberControlledLine.exe.embed.manifest
C:\Program Files\SiliconSoftware\Runtime5.1\SDKExamples\Functionality\Operation_mode\Debug\LineGatedGrabberControlledLine.exe.embed.manifest.res
C:\Program Files\SiliconSoftware\Runtime5.1\SDKExamples\Functionality\Operation_mode\Debug\LineGatedGrabberControlledLine.exe.intermediate.manifest
C:\Program Files\SiliconSoftware\Runtime5.1\SDKExamples\Functionality\Operation_mode\Debug\LineGatedGrabberControlledLine.ilk
C:\Program Files\SiliconSoftware\Runtime5.1\SDKExamples\Functionality\Operation_mode\Debug\LineGatedGrabberControlledLine.obj
C:\Program Files\SiliconSoftware\Runtime5.1\SDKExamples\Functionality\Operation_mode\Debug\LineGatedGrabberControlledLine.pdb
C:\Program Files\SiliconSoftware\Runtime5.1\SDKExamples\Functionality\Operation_mode\Debug\LineGrabberControlledLine.exe.embed.manifest
C:\Program Files\SiliconSoftware\Runtime5.1\SDKExamples\Functionality\Operation_mode\Debug\LineGrabberControlledLine.exe.embed.manifest.res
C:\Program Files\SiliconSoftware\Runtime5.1\SDKExamples\Functionality\Operation_mode\Debug\LineGrabberControlledLine.exe.intermediate.manifest
C:\Program Files\SiliconSoftware\Runtime5.1\SDKExamples\Functionality\Operation_mode\Debug\LineGrabberControlledLine.ilk
C:\Program Files\SiliconSoftware\Runtime5.1\SDKExamples\Functionality\Operation_mode\Debug\LineGrabberControlledLine.obj
C:\Program Files\SiliconSoftware\Runtime5.1\SDKExamples\Functionality\Operation_mode\Debug\LineGrabberControlledLine.pdb
C:\Program Files\SiliconSoftware\Runtime5.1\SDKExamples\Functionality\Operation_mode\Debug\LineStartTriggerImg.exe.embed.manifest
C:\Program Files\SiliconSoftware\Runtime5.1\SDKExamples\Functionality\Operation_mode\Debug\LineStartTriggerImg.exe.embed.manifest.res
C:\Program Files\SiliconSoftware\Runtime5.1\SDKExamples\Functionality\Operation_mode\Debug\LineStartTriggerImg.exe.intermediate.manifest
C:\Program Files\SiliconSoftware\Runtime5.1\SDKExamples\Functionality\Operation_mode\Debug\LineStartTriggerImg.ilk
C:\Program Files\SiliconSoftware\Runtime5.1\SDKExamples\Functionality\Operation_mode\Debug\LineStartTriggerImg.obj
C:\Program Files\SiliconSoftware\Runtime5.1\SDKExamples\Functionality\Operation_mode\Debug\LineStartTriggerImg.pdb
C:\Program Files\SiliconSoftware\Runtime5.1\SDKExamples\Functionality\Operation_mode\Debug\LineStartTriggerLine.exe.embed.manifest
C:\Program Files\SiliconSoftware\Runtime5.1\SDKExamples\Functionality\Operation_mode\Debug\LineStartTriggerLine.exe.embed.manifest.res
C:\Program Files\SiliconSoftware\Runtime5.1\SDKExamples\Functionality\Operation_mode\Debug\LineStartTriggerLine.exe.intermediate.manifest
C:\Program Files\SiliconSoftware\Runtime5.1\SDKExamples\Functionality\Operation_mode\Debug\LineStartTriggerLine.ilk
C:\Program Files\SiliconSoftware\Runtime5.1\SDKExamples\Functionality\Operation_mode\Debug\LineStartTriggerLine.obj
C:\Program Files\SiliconSoftware\Runtime5.1\SDKExamples\Functionality\Operation_mode\Debug\LineStartTriggerLine.pdb
C:\Program Files\SiliconSoftware\Runtime5.1\SDKExamples\Functionality\Operation_mode\Debug\LineTriggerGatedImg.exe.embed.manifest
C:\Program Files\SiliconSoftware\Runtime5.1\SDKExamples\Functionality\Operation_mode\Debug\LineTriggerGatedImg.exe.embed.manifest.res
C:\Program Files\SiliconSoftware\Runtime5.1\SDKExamples\Functionality\Operation_mode\Debug\LineTriggerGatedImg.exe.intermediate.manifest
C:\Program Files\SiliconSoftware\Runtime5.1\SDKExamples\Functionality\Operation_mode\Debug\LineTriggerGatedImg.ilk
C:\Program Files\SiliconSoftware\Runtime5.1\SDKExamples\Functionality\Operation_mode\Debug\LineTriggerGatedImg.obj
C:\Program Files\SiliconSoftware\Runtime5.1\SDKExamples\Functionality\Operation_mode\Debug\LineTriggerGatedImg.pdb
C:\Program Files\SiliconSoftware\Runtime5.1\SDKExamples\Functionality\Operation_mode\Debug\LineTriggerGatedMultiBufferImg.exe.embed.manifest
C:\Program Files\SiliconSoftware\Runtime5.1\SDKExamples\Functionality\Operation_mode\Debug\LineTriggerGatedMultiBufferImg.exe.embed.manifest.res
C:\Program Files\SiliconSoftware\Runtime5.1\SDKExamples\Functionality\Operation_mode\Debug\LineTriggerGatedMultiBufferImg.exe.intermediate.manifest
C:\Program Files\SiliconSoftware\Runtime5.1\SDKExamples\Functionality\Operation_mode\Debug\LineTriggerGatedMultiBufferImg.ilk
C:\Program Files\SiliconSoftware\Runtime5.1\SDKExamples\Functionality\Operation_mode\Debug\LineTriggerGatedMultiBufferImg.obj
C:\Program Files\SiliconSoftware\Runtime5.1\SDKExamples\Functionality\Operation_mode\Debug\LineTriggerGatedMultiBufferImg.pdb
C:\Program Files\SiliconSoftware\Runtime5.1\SDKExamples\Functionality\Operation_mode\Debug\vc90.idb
C:\Program Files\SiliconSoftware\Runtime5.1\SDKExamples\Functionality\Operation_mode\Debug\vc90.pdb
