C:\DOCUME~1\LIMS\LOCALS~1\TEMP\LNKB7.TMP
C:\DOCUME~1\LIMS\LOCALS~1\TEMP\LNKB9.TMP
C:\Program Files\SiliconSoftware\Runtime5.1\SDKExamples\Functionality\Operation_mode\.\Debug\LineGatedAsyncTriggerLine.exe
C:\Program Files\SiliconSoftware\Runtime5.1\SDKExamples\Functionality\Operation_mode\Debug\cl.command.1.tlog
C:\Program Files\SiliconSoftware\Runtime5.1\SDKExamples\Functionality\Operation_mode\Debug\CL.read.1.tlog
C:\Program Files\SiliconSoftware\Runtime5.1\SDKExamples\Functionality\Operation_mode\Debug\CL.write.1.tlog
C:\PROGRAM FILES\SILICONSOFTWARE\RUNTIME5.1\SDKEXAMPLES\FUNCTIONALITY\OPERATION_MODE\DEBUG\LINEGATEDGRABBERCONTROLLEDLINE.EXE
C:\PROGRAM FILES\SILICONSOFTWARE\RUNTIME5.1\SDKEXAMPLES\FUNCTIONALITY\OPERATION_MODE\DEBUG\LINEGATEDGRABBERCONTROLLEDLINE.EXE.EMBED.MANIFEST
C:\PROGRAM FILES\SILICONSOFTWARE\RUNTIME5.1\SDKEXAMPLES\FUNCTIONALITY\OPERATION_MODE\DEBUG\LINEGATEDGRABBERCONTROLLEDLINE.EXE.EMBED.MANIFEST.RES
C:\PROGRAM FILES\SILICONSOFTWARE\RUNTIME5.1\SDKEXAMPLES\FUNCTIONALITY\OPERATION_MODE\DEBUG\LINEGATEDGRABBERCONTROLLEDLINE.EXE.INTERMEDIATE.MANIFEST
C:\PROGRAM FILES\SILICONSOFTWARE\RUNTIME5.1\SDKEXAMPLES\FUNCTIONALITY\OPERATION_MODE\DEBUG\LINEGATEDGRABBERCONTROLLEDLINE.ILK
C:\PROGRAM FILES\SILICONSOFTWARE\RUNTIME5.1\SDKEXAMPLES\FUNCTIONALITY\OPERATION_MODE\DEBUG\LINEGATEDGRABBERCONTROLLEDLINE.OBJ
C:\PROGRAM FILES\SILICONSOFTWARE\RUNTIME5.1\SDKEXAMPLES\FUNCTIONALITY\OPERATION_MODE\DEBUG\LINEGATEDGRABBERCONTROLLEDLINE.PDB
C:\Program Files\SiliconSoftware\Runtime5.1\SDKExamples\Functionality\Operation_mode\Debug\LineGatedGrabberControlledLine_manifest.rc
C:\PROGRAM FILES\SILICONSOFTWARE\RUNTIME5.1\SDKEXAMPLES\FUNCTIONALITY\OPERATION_MODE\DEBUG\LINEGRABBERCONTROLLEDLINE.EXE
C:\PROGRAM FILES\SILICONSOFTWARE\RUNTIME5.1\SDKEXAMPLES\FUNCTIONALITY\OPERATION_MODE\DEBUG\LINEGRABBERCONTROLLEDLINE.EXE.EMBED.MANIFEST
C:\PROGRAM FILES\SILICONSOFTWARE\RUNTIME5.1\SDKEXAMPLES\FUNCTIONALITY\OPERATION_MODE\DEBUG\LINEGRABBERCONTROLLEDLINE.EXE.EMBED.MANIFEST.RES
C:\PROGRAM FILES\SILICONSOFTWARE\RUNTIME5.1\SDKEXAMPLES\FUNCTIONALITY\OPERATION_MODE\DEBUG\LINEGRABBERCONTROLLEDLINE.EXE.INTERMEDIATE.MANIFEST
C:\PROGRAM FILES\SILICONSOFTWARE\RUNTIME5.1\SDKEXAMPLES\FUNCTIONALITY\OPERATION_MODE\DEBUG\LINEGRABBERCONTROLLEDLINE.ILK
C:\PROGRAM FILES\SILICONSOFTWARE\RUNTIME5.1\SDKEXAMPLES\FUNCTIONALITY\OPERATION_MODE\DEBUG\LINEGRABBERCONTROLLEDLINE.OBJ
C:\PROGRAM FILES\SILICONSOFTWARE\RUNTIME5.1\SDKEXAMPLES\FUNCTIONALITY\OPERATION_MODE\DEBUG\LINEGRABBERCONTROLLEDLINE.PDB
C:\Program Files\SiliconSoftware\Runtime5.1\SDKExamples\Functionality\Operation_mode\Debug\LineGrabberControlledLine_manifest.rc
C:\Program Files\SiliconSoftware\Runtime5.1\SDKExamples\Functionality\Operation_mode\Debug\link.788-cvtres.read.1.tlog
C:\Program Files\SiliconSoftware\Runtime5.1\SDKExamples\Functionality\Operation_mode\Debug\link.788-cvtres.write.1.tlog
C:\Program Files\SiliconSoftware\Runtime5.1\SDKExamples\Functionality\Operation_mode\Debug\link.command.1.tlog
C:\Program Files\SiliconSoftware\Runtime5.1\SDKExamples\Functionality\Operation_mode\Debug\link.read.1.tlog
C:\Program Files\SiliconSoftware\Runtime5.1\SDKExamples\Functionality\Operation_mode\Debug\link.write.1.tlog
C:\Program Files\SiliconSoftware\Runtime5.1\SDKExamples\Functionality\Operation_mode\Debug\link-cvtres.read.1.tlog
C:\Program Files\SiliconSoftware\Runtime5.1\SDKExamples\Functionality\Operation_mode\Debug\link-cvtres.write.1.tlog
C:\Program Files\SiliconSoftware\Runtime5.1\SDKExamples\Functionality\Operation_mode\Debug\mt.command.1.tlog
C:\Program Files\SiliconSoftware\Runtime5.1\SDKExamples\Functionality\Operation_mode\Debug\mt.read.1.tlog
C:\Program Files\SiliconSoftware\Runtime5.1\SDKExamples\Functionality\Operation_mode\Debug\mt.write.1.tlog
C:\Program Files\SiliconSoftware\Runtime5.1\SDKExamples\Functionality\Operation_mode\Debug\rc.command.1.tlog
C:\Program Files\SiliconSoftware\Runtime5.1\SDKExamples\Functionality\Operation_mode\Debug\rc.read.1.tlog
C:\Program Files\SiliconSoftware\Runtime5.1\SDKExamples\Functionality\Operation_mode\Debug\rc.write.1.tlog
C:\Program Files\SiliconSoftware\Runtime5.1\SDKExamples\Functionality\Operation_mode\Debug\vc100.idb
C:\PROGRAM FILES\SILICONSOFTWARE\RUNTIME5.1\SDKEXAMPLES\FUNCTIONALITY\OPERATION_MODE\DEBUG\VC100.PDB
