C:\Program Files\SiliconSoftware\Runtime5.1\SDKExamples\Functionality\Operation_mode\.\Debug\LineGrabberControlledLine.exe
C:\Program Files\SiliconSoftware\Runtime5.1\SDKExamples\Functionality\Operation_mode\Debug\cl.command.1.tlog
C:\Program Files\SiliconSoftware\Runtime5.1\SDKExamples\Functionality\Operation_mode\Debug\CL.read.1.tlog
C:\Program Files\SiliconSoftware\Runtime5.1\SDKExamples\Functionality\Operation_mode\Debug\CL.write.1.tlog
C:\PROGRAM FILES\SILICONSOFTWARE\RUNTIME5.1\SDKEXAMPLES\FUNCTIONALITY\OPERATION_MODE\DEBUG\LINESTARTTRIGGERIMG.EXE.EMBED.MANIFEST
C:\PROGRAM FILES\SILICONSOFTWARE\RUNTIME5.1\SDKEXAMPLES\FUNCTIONALITY\OPERATION_MODE\DEBUG\LINESTARTTRIGGERIMG.EXE.EMBED.MANIFEST.RES
C:\Program Files\SiliconSoftware\Runtime5.1\SDKExamples\Functionality\Operation_mode\Debug\LineStartTriggerImg.exe.intermediate.manifest
C:\Program Files\SiliconSoftware\Runtime5.1\SDKExamples\Functionality\Operation_mode\Debug\LineStartTriggerImg.ilk
C:\PROGRAM FILES\SILICONSOFTWARE\RUNTIME5.1\SDKEXAMPLES\FUNCTIONALITY\OPERATION_MODE\DEBUG\LINESTARTTRIGGERIMG.OBJ
C:\Program Files\SiliconSoftware\Runtime5.1\SDKExamples\Functionality\Operation_mode\Debug\LineStartTriggerImg.pdb
C:\Program Files\SiliconSoftware\Runtime5.1\SDKExamples\Functionality\Operation_mode\Debug\LineStartTriggerImg_manifest.rc
C:\PROGRAM FILES\SILICONSOFTWARE\RUNTIME5.1\SDKEXAMPLES\FUNCTIONALITY\OPERATION_MODE\DEBUG\LINESTARTTRIGGERLINE.EXE
C:\PROGRAM FILES\SILICONSOFTWARE\RUNTIME5.1\SDKEXAMPLES\FUNCTIONALITY\OPERATION_MODE\DEBUG\LINESTARTTRIGGERLINE.EXE.EMBED.MANIFEST
C:\PROGRAM FILES\SILICONSOFTWARE\RUNTIME5.1\SDKEXAMPLES\FUNCTIONALITY\OPERATION_MODE\DEBUG\LINESTARTTRIGGERLINE.EXE.EMBED.MANIFEST.RES
C:\PROGRAM FILES\SILICONSOFTWARE\RUNTIME5.1\SDKEXAMPLES\FUNCTIONALITY\OPERATION_MODE\DEBUG\LINESTARTTRIGGERLINE.EXE.INTERMEDIATE.MANIFEST
C:\PROGRAM FILES\SILICONSOFTWARE\RUNTIME5.1\SDKEXAMPLES\FUNCTIONALITY\OPERATION_MODE\DEBUG\LINESTARTTRIGGERLINE.ILK
C:\PROGRAM FILES\SILICONSOFTWARE\RUNTIME5.1\SDKEXAMPLES\FUNCTIONALITY\OPERATION_MODE\DEBUG\LINESTARTTRIGGERLINE.OBJ
C:\PROGRAM FILES\SILICONSOFTWARE\RUNTIME5.1\SDKEXAMPLES\FUNCTIONALITY\OPERATION_MODE\DEBUG\LINESTARTTRIGGERLINE.PDB
C:\Program Files\SiliconSoftware\Runtime5.1\SDKExamples\Functionality\Operation_mode\Debug\LineStartTriggerLine_manifest.rc
C:\Program Files\SiliconSoftware\Runtime5.1\SDKExamples\Functionality\Operation_mode\Debug\link.2720.read.1.tlog
C:\Program Files\SiliconSoftware\Runtime5.1\SDKExamples\Functionality\Operation_mode\Debug\link.2720.write.1.tlog
C:\Program Files\SiliconSoftware\Runtime5.1\SDKExamples\Functionality\Operation_mode\Debug\link.2720-cvtres.read.1.tlog
C:\Program Files\SiliconSoftware\Runtime5.1\SDKExamples\Functionality\Operation_mode\Debug\link.2720-cvtres.write.1.tlog
C:\Program Files\SiliconSoftware\Runtime5.1\SDKExamples\Functionality\Operation_mode\Debug\link.2744.read.1.tlog
C:\Program Files\SiliconSoftware\Runtime5.1\SDKExamples\Functionality\Operation_mode\Debug\link.2744.write.1.tlog
C:\Program Files\SiliconSoftware\Runtime5.1\SDKExamples\Functionality\Operation_mode\Debug\link.2744-cvtres.read.1.tlog
C:\Program Files\SiliconSoftware\Runtime5.1\SDKExamples\Functionality\Operation_mode\Debug\link.2744-cvtres.write.1.tlog
C:\Program Files\SiliconSoftware\Runtime5.1\SDKExamples\Functionality\Operation_mode\Debug\link.command.1.tlog
C:\Program Files\SiliconSoftware\Runtime5.1\SDKExamples\Functionality\Operation_mode\Debug\link.read.1.tlog
C:\Program Files\SiliconSoftware\Runtime5.1\SDKExamples\Functionality\Operation_mode\Debug\link.write.1.tlog
C:\Program Files\SiliconSoftware\Runtime5.1\SDKExamples\Functionality\Operation_mode\Debug\link-cvtres.read.1.tlog
C:\Program Files\SiliconSoftware\Runtime5.1\SDKExamples\Functionality\Operation_mode\Debug\link-cvtres.write.1.tlog
C:\Program Files\SiliconSoftware\Runtime5.1\SDKExamples\Functionality\Operation_mode\Debug\mt.command.1.tlog
C:\Program Files\SiliconSoftware\Runtime5.1\SDKExamples\Functionality\Operation_mode\Debug\mt.read.1.tlog
C:\Program Files\SiliconSoftware\Runtime5.1\SDKExamples\Functionality\Operation_mode\Debug\mt.write.1.tlog
C:\Program Files\SiliconSoftware\Runtime5.1\SDKExamples\Functionality\Operation_mode\Debug\rc.command.1.tlog
C:\Program Files\SiliconSoftware\Runtime5.1\SDKExamples\Functionality\Operation_mode\Debug\rc.read.1.tlog
C:\Program Files\SiliconSoftware\Runtime5.1\SDKExamples\Functionality\Operation_mode\Debug\rc.write.1.tlog
C:\Program Files\SiliconSoftware\Runtime5.1\SDKExamples\Functionality\Operation_mode\Debug\vc100.idb
C:\PROGRAM FILES\SILICONSOFTWARE\RUNTIME5.1\SDKEXAMPLES\FUNCTIONALITY\OPERATION_MODE\DEBUG\VC100.PDB
